{
  "Cucumber Features": {
    "coverage": {
      "/Users/flawedhead/Desktop/Desktop/Codes/Cal/fall19/cs169/sage-foundation/sage-checkin-webapp/features/support/paths.rb": [
        1,
        null,
        1,
        34,
        null,
        5,
        null,
        0,
        0,
        0,
        1,
        1,
        1,
        null,
        0,
        0,
        0,
        4,
        null,
        null,
        0,
        0,
        null,
        null,
        0,
        0,
        null,
        null,
        0,
        0,
        null,
        null,
        1,
        1,
        null,
        null,
        1,
        1,
        1,
        1,
        1,
        null,
        null,
        0,
        0,
        0,
        0,
        0,
        null,
        null,
        null,
        4,
        4,
        4,
        null,
        null,
        0,
        0,
        0,
        null,
        null,
        6,
        3,
        3,
        3,
        null,
        3,
        3,
        3,
        null,
        null,
        null,
        3,
        3,
        3,
        null,
        null,
        4,
        4,
        4,
        null,
        null,
        1,
        1,
        1,
        null,
        null,
        2,
        2,
        2,
        2,
        2,
        null,
        null,
        null,
        1,
        null,
        null,
        null,
        null,
        null,
        null,
        null,
        null,
        null,
        null,
        null,
        null,
        null,
        null,
        null,
        null,
        null,
        null,
        null,
        null,
        null,
        null,
        null,
        null,
        null,
        null,
        null,
        null,
        null,
        null,
        null,
        null,
        null,
        null
      ],
      "/Users/flawedhead/Desktop/Desktop/Codes/Cal/fall19/cs169/sage-foundation/sage-checkin-webapp/features/step_definitions/access_control_steps.rb": [
        1,
        7,
        null,
        null,
        1,
        3,
        3,
        null,
        null,
        1,
        3,
        null,
        null,
        1,
        1,
        1,
        null,
        null
      ],
      "/Users/flawedhead/Desktop/Desktop/Codes/Cal/fall19/cs169/sage-foundation/sage-checkin-webapp/features/step_definitions/account_management_steps.rb": [
        1,
        4,
        null,
        null,
        1,
        5,
        null,
        null,
        1,
        3,
        null,
        null,
        1,
        2,
        null,
        null,
        1,
        9,
        9,
        null,
        null,
        1,
        1,
        1,
        1,
        1,
        1,
        1,
        1,
        1,
        1,
        1,
        null,
        null,
        null,
        1,
        5,
        5,
        5,
        5,
        5,
        5,
        5,
        5,
        5,
        null,
        5,
        5,
        5,
        null,
        null,
        null,
        1,
        3,
        3,
        3,
        3,
        3,
        3,
        3,
        null,
        3,
        3,
        3,
        0,
        0,
        null,
        3,
        1,
        1,
        null,
        3,
        1,
        1,
        null,
        3,
        1,
        1,
        null,
        null,
        3,
        null,
        null,
        null
      ],
      "/Users/flawedhead/Desktop/Desktop/Codes/Cal/fall19/cs169/sage-foundation/sage-checkin-webapp/features/step_definitions/amend_attendances_steps.rb": [
        1,
        2,
        2,
        null,
        2,
        2,
        null,
        2,
        2,
        2,
        2,
        2,
        null,
        null
      ],
      "/Users/flawedhead/Desktop/Desktop/Codes/Cal/fall19/cs169/sage-foundation/sage-checkin-webapp/features/step_definitions/display_summaries_step.rb": [
        1,
        null,
        1,
        94,
        141,
        141,
        null,
        141,
        141,
        141,
        141,
        141,
        141,
        141,
        141,
        141,
        141,
        141,
        141,
        null,
        null,
        null,
        1,
        17,
        17,
        17,
        17,
        null,
        null,
        1,
        15,
        null,
        null,
        1,
        8,
        11,
        null,
        null,
        null
      ],
      "/Users/flawedhead/Desktop/Desktop/Codes/Cal/fall19/cs169/sage-foundation/sage-checkin-webapp/app/models/super.rb": [
        1,
        15,
        1,
        1,
        1,
        null,
        null
      ],
      "/Users/flawedhead/Desktop/Desktop/Codes/Cal/fall19/cs169/sage-foundation/sage-checkin-webapp/app/models/admin.rb": [
        1,
        1,
        null,
        18,
        1,
        1,
        1,
        null,
        1,
        null,
        null,
        null,
        null,
        null,
        null,
        null
      ],
      "/Users/flawedhead/Desktop/Desktop/Codes/Cal/fall19/cs169/sage-foundation/sage-checkin-webapp/app/models/mentor.rb": [
        null,
        1,
        null,
        1,
        1,
        1,
        null,
        41,
        1,
        1,
        1,
        null,
        null,
        null,
        null,
        null,
        null,
        1,
        46,
        46,
        77,
        77,
        41,
        41,
        41,
        41,
        41,
        41,
        41,
        null,
        null,
        null,
        null,
        null,
        null,
        46,
        null,
        null,
        null,
        1,
        77,
        41,
        null,
        36,
        null,
        null,
        null,
        null,
        1,
        41,
        41,
        33,
        33,
        null,
        41,
        null,
        null,
        null,
        null,
        null,
        null,
        null,
        null,
        1,
        45,
        45,
        45,
        45,
        45,
        40,
        40,
        40,
        40,
        null,
        45,
        null,
        null,
        null,
        null,
        45,
        null,
        null,
        null,
        1,
        15,
        15,
        13,
        13,
        13,
        34,
        34,
        null,
        null,
        15,
        null,
        null,
        null,
        1,
        13,
        13,
        13,
        null,
        null,
        1,
        11,
        11,
        24,
        null,
        11,
        null,
        null
      ],
      "/Users/flawedhead/Desktop/Desktop/Codes/Cal/fall19/cs169/sage-foundation/sage-checkin-webapp/app/controllers/application_controller.rb": [
        1,
        1,
        null,
        1,
        78,
        null,
        null,
        1,
        36,
        36,
        null,
        null,
        1,
        6,
        null,
        null,
        1,
        7,
        null,
        null,
        1,
        2,
        2,
        null,
        null,
        1,
        1,
        0,
        null,
        null,
        1,
        1,
        3,
        null,
        null,
        null
      ],
      "/Users/flawedhead/Desktop/Desktop/Codes/Cal/fall19/cs169/sage-foundation/sage-checkin-webapp/app/helpers/application_helper.rb": [
        1,
        null
      ],
      "/Users/flawedhead/Desktop/Desktop/Codes/Cal/fall19/cs169/sage-foundation/sage-checkin-webapp/app/helpers/admins_helper.rb": [
        1,
        null
      ],
      "/Users/flawedhead/Desktop/Desktop/Codes/Cal/fall19/cs169/sage-foundation/sage-checkin-webapp/app/helpers/checkins_helper.rb": [
        1,
        null
      ],
      "/Users/flawedhead/Desktop/Desktop/Codes/Cal/fall19/cs169/sage-foundation/sage-checkin-webapp/app/helpers/checkouts_helper.rb": [
        1,
        null
      ],
      "/Users/flawedhead/Desktop/Desktop/Codes/Cal/fall19/cs169/sage-foundation/sage-checkin-webapp/app/helpers/mentors_helper.rb": [
        1,
        null
      ],
      "/Users/flawedhead/Desktop/Desktop/Codes/Cal/fall19/cs169/sage-foundation/sage-checkin-webapp/app/helpers/schools_helper.rb": [
        1,
        null
      ],
      "/Users/flawedhead/Desktop/Desktop/Codes/Cal/fall19/cs169/sage-foundation/sage-checkin-webapp/app/helpers/supers_helper.rb": [
        1,
        null
      ],
      "/Users/flawedhead/Desktop/Desktop/Codes/Cal/fall19/cs169/sage-foundation/sage-checkin-webapp/app/helpers/users_helper.rb": [
        1,
        null
      ],
      "/Users/flawedhead/Desktop/Desktop/Codes/Cal/fall19/cs169/sage-foundation/sage-checkin-webapp/app/controllers/supers_controller.rb": [
        1,
        1,
        1,
        null,
        1,
        0,
        null,
        null,
        1,
        3,
        3,
        3,
        3,
        null,
        null,
        1,
        0,
        null,
        null,
        null,
        1,
        null,
        null,
        null,
        null,
        1,
        0,
        0,
        0,
        null,
        null,
        null,
        null,
        null,
        1,
        0,
        0,
        0,
        0,
        0,
        null,
        0,
        0,
        null,
        null,
        null,
        null,
        null,
        null,
        1,
        0,
        0,
        0,
        0,
        null,
        0,
        0,
        null,
        null,
        null,
        null,
        null,
        null,
        1,
        0,
        0,
        0,
        0,
        null,
        null,
        0,
        0,
        0,
        0,
        null,
        null,
        null,
        null,
        1,
        null,
        1,
        3,
        null,
        null,
        null,
        1,
        0,
        null,
        null,
        null
      ],
      "/Users/flawedhead/Desktop/Desktop/Codes/Cal/fall19/cs169/sage-foundation/sage-checkin-webapp/app/controllers/schools_controller.rb": [
        1,
        1,
        1,
        1,
        null,
        null,
        null,
        1,
        0,
        null,
        null,
        null,
        null,
        1,
        4,
        1,
        null,
        3,
        null,
        4,
        null,
        null,
        null,
        1,
        0,
        null,
        null,
        null,
        1,
        null,
        null,
        null,
        null,
        null,
        1,
        0,
        0,
        0,
        0,
        0,
        0,
        0,
        null,
        0,
        0,
        null,
        null,
        null,
        null,
        null,
        null,
        1,
        0,
        0,
        0,
        0,
        0,
        0,
        0,
        null,
        0,
        0,
        null,
        null,
        null,
        null,
        null,
        null,
        1,
        0,
        0,
        0,
        0,
        null,
        null,
        null,
        1,
        null,
        null,
        1,
        5,
        5,
        1,
        null,
        null,
        1,
        5,
        5,
        null,
        null,
        null,
        1,
        9,
        null,
        null,
        null,
        1,
        0,
        null,
        null
      ],
      "/Users/flawedhead/Desktop/Desktop/Codes/Cal/fall19/cs169/sage-foundation/sage-checkin-webapp/app/models/checkin.rb": [
        1,
        1,
        1,
        1,
        null,
        1,
        78,
        null,
        null,
        null,
        null,
        null,
        null,
        1,
        46,
        46,
        null,
        null,
        null,
        null,
        null,
        null,
        null,
        null,
        null,
        null
      ],
      "/Users/flawedhead/Desktop/Desktop/Codes/Cal/fall19/cs169/sage-foundation/sage-checkin-webapp/app/controllers/logins_controller.rb": [
        1,
        1,
        null,
        1,
        null,
        null,
        1,
        0,
        null,
        0,
        0,
        0,
        0,
        0,
        0,
        0,
        0,
        null,
        0,
        0,
        null,
        null,
        null,
        1,
        1,
        1,
        1,
        1,
        null,
        null,
        1,
        1,
        0,
        0,
        0,
        0,
        null,
        null,
        null,
        null,
        1,
        1,
        0,
        null,
        null
      ],
      "/Users/flawedhead/Desktop/Desktop/Codes/Cal/fall19/cs169/sage-foundation/sage-checkin-webapp/app/controllers/mentors_controller.rb": [
        1,
        1,
        1,
        1,
        1,
        1,
        1,
        null,
        null,
        null,
        1,
        4,
        4,
        4,
        null,
        null,
        0,
        null,
        8,
        null,
        4,
        null,
        null,
        null,
        null,
        1,
        null,
        null,
        null,
        null,
        1,
        1,
        null,
        null,
        null,
        1,
        1,
        null,
        null,
        null,
        1,
        null,
        null,
        null,
        null,
        1,
        1,
        1,
        1,
        2,
        1,
        null,
        0,
        0,
        null,
        null,
        null,
        null,
        null,
        null,
        1,
        1,
        1,
        2,
        1,
        null,
        0,
        0,
        null,
        null,
        null,
        null,
        null,
        null,
        1,
        0,
        0,
        0,
        0,
        null,
        null,
        null,
        1,
        0,
        null,
        null,
        null,
        null,
        null,
        null,
        null,
        0,
        0,
        null,
        null,
        1,
        null,
        0,
        0,
        0,
        null,
        0,
        null,
        null,
        null,
        null,
        null,
        null,
        null,
        null,
        0,
        0,
        null,
        null,
        null,
        null,
        1,
        null,
        null,
        null,
        1,
        null,
        null,
        1,
        2,
        0,
        0,
        null,
        null,
        null,
        1,
        5,
        null,
        null,
        null,
        1,
        2,
        null,
        null,
        1,
        2,
        2,
        null,
        null,
        1,
        5,
        5,
        null,
        null,
        null,
        1,
        15,
        null,
        null,
        null,
        1,
        2,
        null,
        null,
        1,
        0,
        null,
        null
      ],
      "/Users/flawedhead/Desktop/Desktop/Codes/Cal/fall19/cs169/sage-foundation/sage-checkin-webapp/app/models/checkout.rb": [
        1,
        1,
        1,
        null,
        1,
        23,
        null,
        null,
        null,
        null,
        null,
        null,
        1,
        1,
        1,
        null,
        null,
        null,
        null,
        null,
        null,
        null,
        null,
        null,
        null
      ],
      "/Users/flawedhead/Desktop/Desktop/Codes/Cal/fall19/cs169/sage-foundation/sage-checkin-webapp/app/controllers/checkins_controller.rb": [
        1,
        1,
        1,
        1,
        null,
        null,
        null,
        1,
        5,
        null,
        null,
        null,
        1,
        1,
        1,
        1,
        1,
        1,
        1,
        1,
        1,
        1,
        1,
        null,
        null,
        null,
        null,
        1,
        1,
        null,
        null,
        null,
        null,
        1,
        1,
        1,
        1,
        1,
        0,
        null,
        null,
        1,
        1,
        1,
        2,
        1,
        null,
        0,
        0,
        null,
        null,
        null,
        null,
        null,
        null,
        1,
        1,
        1,
        1,
        0,
        null,
        null,
        1,
        1,
        1,
        2,
        1,
        null,
        0,
        0,
        null,
        null,
        null,
        null,
        null,
        null,
        1,
        0,
        0,
        0,
        0,
        null,
        null,
        null,
        1,
        null,
        null,
        1,
        7,
        7,
        0,
        null,
        null,
        1,
        7,
        7,
        null,
        null,
        null,
        1,
        14,
        null,
        null,
        null,
        1,
        2,
        null,
        null
      ],
      "/Users/flawedhead/Desktop/Desktop/Codes/Cal/fall19/cs169/sage-foundation/sage-checkin-webapp/app/controllers/checkouts_controller.rb": [
        1,
        1,
        1,
        1,
        null,
        null,
        1,
        1,
        1,
        1,
        1,
        1,
        1,
        1,
        1,
        1,
        1,
        null,
        null,
        null,
        null,
        1,
        0,
        null,
        null,
        null,
        null,
        1,
        1,
        1,
        1,
        1,
        0,
        null,
        null,
        1,
        1,
        1,
        2,
        1,
        null,
        0,
        0,
        null,
        null,
        null,
        null,
        null,
        null,
        1,
        0,
        0,
        0,
        0,
        null,
        null,
        0,
        0,
        0,
        0,
        0,
        null,
        0,
        0,
        null,
        null,
        null,
        null,
        null,
        null,
        1,
        0,
        0,
        0,
        0,
        null,
        null,
        null,
        1,
        null,
        null,
        1,
        0,
        0,
        0,
        null,
        null,
        1,
        0,
        0,
        null,
        null,
        null,
        1,
        0,
        null,
        null,
        null,
        1,
        1,
        null,
        null
      ]
    },
    "timestamp": 1576200051
  },
  "RSpec": {
    "coverage": {
      "/Users/flawedhead/Desktop/Desktop/Codes/Cal/fall19/cs169/sage-foundation/sage-checkin-webapp/spec/controllers/admins_controller_spec.rb": [
        1,
        null,
        null,
        null,
        null,
        null,
        null,
        null,
        null,
        null,
        null,
        null,
        null,
        null,
        null,
        null,
        null,
        null,
        null,
        null,
        null,
        null,
        null,
        null,
        null,
        1,
        1,
        12,
        12,
        null,
        null,
        1,
        12,
        12,
        12,
        null,
        null,
        null,
        null,
        1,
        8,
        null,
        null,
        1,
        2,
        null,
        null,
        null,
        null,
        null,
        13,
        null,
        1,
        1,
        1,
        1,
        1,
        null,
        null,
        null,
        1,
        1,
        1,
        1,
        1,
        null,
        null,
        null,
        1,
        1,
        1,
        1,
        null,
        null,
        null,
        1,
        1,
        1,
        1,
        1,
        null,
        null,
        null,
        1,
        1,
        2,
        null,
        null,
        1,
        1,
        1,
        1,
        null,
        null,
        null,
        1,
        1,
        1,
        null,
        null,
        null,
        1,
        1,
        1,
        1,
        null,
        null,
        null,
        null,
        1,
        1,
        1,
        1,
        null,
        null,
        1,
        1,
        1,
        1,
        1,
        null,
        null,
        1,
        1,
        1,
        1,
        null,
        null,
        null,
        1,
        1,
        1,
        1,
        1,
        null,
        null,
        null,
        null,
        1,
        1,
        1,
        1,
        1,
        null,
        null,
        null,
        1,
        1,
        1,
        1,
        null,
        null,
        null,
        null
      ],
      "/Users/flawedhead/Desktop/Desktop/Codes/Cal/fall19/cs169/sage-foundation/sage-checkin-webapp/spec/rails_helper.rb": [
        null,
        1,
        1,
        1,
        null,
        1,
        1,
        null,
        1,
        null,
        null,
        1,
        1,
        null,
        null,
        null,
        null,
        null,
        null,
        null,
        null,
        null,
        null,
        null,
        null,
        null,
        null,
        null,
        2,
        null,
        null,
        null,
        1,
        1,
        null,
        0,
        0,
        null,
        1,
        null,
        1,
        null,
        null,
        null,
        null,
        1,
        null,
        null,
        null,
        null,
        null,
        null,
        null,
        null,
        null,
        null,
        null,
        null,
        null,
        null,
        1,
        null,
        null,
        1,
        null,
        null,
        null,
        null
      ],
      "/Users/flawedhead/Desktop/Desktop/Codes/Cal/fall19/cs169/sage-foundation/sage-checkin-webapp/config/environment.rb": [
        null,
        1,
        null,
        null,
        1
      ],
      "/Users/flawedhead/Desktop/Desktop/Codes/Cal/fall19/cs169/sage-foundation/sage-checkin-webapp/config/application.rb": [
        1,
        null,
        1,
        null,
        null,
        null,
        1,
        null,
        1,
        1,
        null,
        1,
        null,
        null,
        null,
        null,
        null,
        null,
        null,
        null,
        null,
        1,
        null,
        null
      ],
      "/Users/flawedhead/Desktop/Desktop/Codes/Cal/fall19/cs169/sage-foundation/sage-checkin-webapp/config/boot.rb": [
        1,
        null,
        1,
        1
      ],
      "/Users/flawedhead/Desktop/Desktop/Codes/Cal/fall19/cs169/sage-foundation/sage-checkin-webapp/config/environments/test.rb": [
        1,
        null,
        null,
        null,
        null,
        null,
        null,
        1,
        null,
        null,
        null,
        null,
        1,
        null,
        null,
        1,
        1,
        null,
        null,
        null,
        null,
        1,
        1,
        null,
        null,
        1,
        null,
        null,
        1,
        null,
        null,
        1,
        null,
        1,
        null,
        null,
        null,
        null,
        1,
        null,
        null,
        1,
        null,
        null,
        null,
        null
      ],
      "/Users/flawedhead/Desktop/Desktop/Codes/Cal/fall19/cs169/sage-foundation/sage-checkin-webapp/config/initializers/application_controller_renderer.rb": [
        null,
        null,
        null,
        null,
        null,
        null,
        null,
        null
      ],
      "/Users/flawedhead/Desktop/Desktop/Codes/Cal/fall19/cs169/sage-foundation/sage-checkin-webapp/config/initializers/assets.rb": [
        null,
        null,
        null,
        1,
        null,
        null,
        null,
        null,
        1,
        null,
        null,
        null,
        null,
        null
      ],
      "/Users/flawedhead/Desktop/Desktop/Codes/Cal/fall19/cs169/sage-foundation/sage-checkin-webapp/config/initializers/backtrace_silencers.rb": [
        null,
        null,
        null,
        null,
        null,
        null,
        null
      ],
      "/Users/flawedhead/Desktop/Desktop/Codes/Cal/fall19/cs169/sage-foundation/sage-checkin-webapp/config/initializers/content_security_policy.rb": [
        null,
        null,
        null,
        null,
        null,
        null,
        null,
        null,
        null,
        null,
        null,
        null,
        null,
        null,
        null,
        null,
        null,
        null,
        null,
        null,
        null,
        null,
        null,
        null,
        null
      ],
      "/Users/flawedhead/Desktop/Desktop/Codes/Cal/fall19/cs169/sage-foundation/sage-checkin-webapp/config/initializers/cookies_serializer.rb": [
        null,
        null,
        null,
        null,
        1
      ],
      "/Users/flawedhead/Desktop/Desktop/Codes/Cal/fall19/cs169/sage-foundation/sage-checkin-webapp/config/initializers/devise.rb": [
        null,
        null,
        null,
        null,
        1,
        null,
        null,
        null,
        null,
        null,
        null,
        null,
        null,
        null,
        null,
        null,
        null,
        null,
        null,
        null,
        1,
        null,
        null,
        null,
        null,
        null,
        null,
        null,
        null,
        null,
        null,
        null,
        1,
        null,
        null,
        null,
        null,
        null,
        null,
        null,
        null,
        null,
        null,
        null,
        null,
        null,
        null,
        null,
        null,
        null,
        null,
        null,
        null,
        null,
        1,
        null,
        null,
        null,
        null,
        1,
        null,
        null,
        null,
        null,
        null,
        null,
        null,
        null,
        null,
        null,
        null,
        null,
        null,
        null,
        null,
        null,
        null,
        null,
        null,
        null,
        null,
        null,
        null,
        null,
        null,
        null,
        null,
        null,
        null,
        null,
        1,
        null,
        null,
        null,
        null,
        null,
        null,
        null,
        null,
        null,
        null,
        null,
        null,
        null,
        null,
        null,
        null,
        null,
        null,
        null,
        null,
        null,
        null,
        1,
        null,
        null,
        null,
        null,
        null,
        null,
        null,
        null,
        null,
        null,
        null,
        null,
        null,
        null,
        null,
        null,
        null,
        null,
        null,
        null,
        null,
        null,
        null,
        null,
        null,
        null,
        null,
        null,
        null,
        null,
        null,
        null,
        null,
        1,
        null,
        null,
        null,
        null,
        null,
        null,
        null,
        null,
        null,
        1,
        null,
        null,
        null,
        null,
        null,
        null,
        null,
        null,
        null,
        null,
        1,
        null,
        null,
        null,
        null,
        1,
        null,
        null,
        null,
        null,
        null,
        null,
        null,
        null,
        null,
        null,
        null,
        null,
        null,
        null,
        null,
        null,
        null,
        null,
        null,
        null,
        null,
        null,
        null,
        null,
        null,
        null,
        null,
        null,
        null,
        null,
        null,
        null,
        null,
        null,
        null,
        null,
        null,
        null,
        null,
        null,
        1,
        null,
        null,
        null,
        null,
        null,
        null,
        null,
        null,
        null,
        null,
        null,
        null,
        null,
        null,
        null,
        null,
        null,
        null,
        null,
        null,
        null,
        null,
        null,
        null,
        null,
        null,
        null,
        null,
        null,
        null,
        null,
        null,
        null,
        null,
        null,
        null,
        null,
        null,
        null,
        null,
        null,
        1,
        null,
        null,
        null,
        null,
        null,
        null,
        null,
        null,
        null,
        null,
        null,
        null,
        null,
        null,
        null,
        null,
        null,
        null,
        null,
        null,
        null,
        null,
        null,
        null,
        null,
        null,
        null,
        null,
        null,
        null,
        null,
        null,
        null,
        null,
        null,
        null,
        null,
        null,
        null,
        null,
        null,
        null
      ],
      "/Users/flawedhead/Desktop/Desktop/Codes/Cal/fall19/cs169/sage-foundation/sage-checkin-webapp/config/initializers/filter_parameter_logging.rb": [
        null,
        null,
        null,
        1
      ],
      "/Users/flawedhead/Desktop/Desktop/Codes/Cal/fall19/cs169/sage-foundation/sage-checkin-webapp/config/initializers/google_sign_in.rb": [
        1,
        1,
        1,
        null
      ],
      "/Users/flawedhead/Desktop/Desktop/Codes/Cal/fall19/cs169/sage-foundation/sage-checkin-webapp/config/initializers/inflections.rb": [
        null,
        null,
        null,
        null,
        null,
        null,
        null,
        null,
        null,
        null,
        null,
        null,
        null,
        null,
        null,
        null
      ],
      "/Users/flawedhead/Desktop/Desktop/Codes/Cal/fall19/cs169/sage-foundation/sage-checkin-webapp/config/initializers/mime_types.rb": [
        null,
        null,
        null,
        null
      ],
      "/Users/flawedhead/Desktop/Desktop/Codes/Cal/fall19/cs169/sage-foundation/sage-checkin-webapp/config/initializers/wrap_parameters.rb": [
        null,
        null,
        null,
        null,
        null,
        null,
        1,
        2,
        null,
        null,
        null,
        null,
        null,
        null
      ],
      "/Users/flawedhead/Desktop/Desktop/Codes/Cal/fall19/cs169/sage-foundation/sage-checkin-webapp/spec/factories/admins.rb": [
        1,
        1,
        1,
        1,
        1,
        null,
        null
      ],
      "/Users/flawedhead/Desktop/Desktop/Codes/Cal/fall19/cs169/sage-foundation/sage-checkin-webapp/app/models/school.rb": [
        1,
        1,
        1,
        1,
        1,
        null,
        1,
        1,
        null,
        null,
        null,
        null,
        null,
        1,
        0,
        0,
        0,
        0,
        0,
        0,
        0,
        0,
        null,
        null,
        0,
        null,
        null,
        1,
        6,
        6,
        6,
        6,
        null,
        null,
        1,
        0,
        null,
        null,
        1,
        0,
        null,
        null
      ],
      "/Users/flawedhead/Desktop/Desktop/Codes/Cal/fall19/cs169/sage-foundation/sage-checkin-webapp/app/models/application_record.rb": [
        1,
        1,
        null
      ],
      "/Users/flawedhead/Desktop/Desktop/Codes/Cal/fall19/cs169/sage-foundation/sage-checkin-webapp/spec/factories/checkins.rb": [
        1,
        1,
        1,
        1,
        1,
        1,
        1,
        null,
        null
      ],
      "/Users/flawedhead/Desktop/Desktop/Codes/Cal/fall19/cs169/sage-foundation/sage-checkin-webapp/spec/factories/mentors.rb": [
        1,
        1,
        1,
        1,
        1,
        null,
        null
      ],
      "/Users/flawedhead/Desktop/Desktop/Codes/Cal/fall19/cs169/sage-foundation/sage-checkin-webapp/spec/factories/schools.rb": [
        1,
        1,
        1,
        1,
        1,
        1,
        null,
        null
      ],
      "/Users/flawedhead/Desktop/Desktop/Codes/Cal/fall19/cs169/sage-foundation/sage-checkin-webapp/spec/factories/supers.rb": [
        1,
        1,
        1,
        1,
        null,
        null
      ],
      "/Users/flawedhead/Desktop/Desktop/Codes/Cal/fall19/cs169/sage-foundation/sage-checkin-webapp/config/routes.rb": [
        1,
        null,
        null,
        1,
        1,
        null,
        1,
        1,
        null,
        1,
        1,
        null,
        1,
        null,
        1,
        1,
        null,
        null,
        null,
        1,
        1,
        1,
        1,
        1,
        1,
        null,
        null,
        1,
        1,
        1,
        1,
        1,
        null,
        1,
        null,
        null,
        1,
        1,
        null,
        null,
        1,
        1,
        null,
        null,
        null
      ],
      "/Users/flawedhead/Desktop/Desktop/Codes/Cal/fall19/cs169/sage-foundation/sage-checkin-webapp/app/helpers/admins_helper.rb": [
        1,
        null
      ],
      "/Users/flawedhead/Desktop/Desktop/Codes/Cal/fall19/cs169/sage-foundation/sage-checkin-webapp/app/helpers/application_helper.rb": [
        1,
        null
      ],
      "/Users/flawedhead/Desktop/Desktop/Codes/Cal/fall19/cs169/sage-foundation/sage-checkin-webapp/app/helpers/checkins_helper.rb": [
        1,
        null
      ],
      "/Users/flawedhead/Desktop/Desktop/Codes/Cal/fall19/cs169/sage-foundation/sage-checkin-webapp/app/helpers/checkouts_helper.rb": [
        1,
        null
      ],
      "/Users/flawedhead/Desktop/Desktop/Codes/Cal/fall19/cs169/sage-foundation/sage-checkin-webapp/app/helpers/mentors_helper.rb": [
        1,
        null
      ],
      "/Users/flawedhead/Desktop/Desktop/Codes/Cal/fall19/cs169/sage-foundation/sage-checkin-webapp/app/helpers/schools_helper.rb": [
        1,
        null
      ],
      "/Users/flawedhead/Desktop/Desktop/Codes/Cal/fall19/cs169/sage-foundation/sage-checkin-webapp/app/helpers/supers_helper.rb": [
        1,
        null
      ],
      "/Users/flawedhead/Desktop/Desktop/Codes/Cal/fall19/cs169/sage-foundation/sage-checkin-webapp/app/helpers/users_helper.rb": [
        1,
        null
      ],
      "/Users/flawedhead/Desktop/Desktop/Codes/Cal/fall19/cs169/sage-foundation/sage-checkin-webapp/spec/support/factory_girl.rb": [
        null,
        1,
        1,
        null
      ],
      "/Users/flawedhead/Desktop/Desktop/Codes/Cal/fall19/cs169/sage-foundation/sage-checkin-webapp/app/controllers/admins_controller.rb": [
        1,
        1,
        1,
        1,
        null,
        null,
        null,
        1,
        1,
        null,
        null,
        null,
        null,
        1,
        1,
        null,
        null,
        null,
        1,
        1,
        null,
        null,
        null,
        1,
        null,
        null,
        null,
        null,
        1,
        3,
        3,
        3,
        4,
        2,
        null,
        2,
        1,
        null,
        null,
        null,
        null,
        null,
        null,
        1,
        3,
        3,
        4,
        2,
        null,
        2,
        1,
        null,
        null,
        null,
        null,
        null,
        null,
        1,
        2,
        2,
        4,
        2,
        null,
        null,
        null,
        1,
        null,
        null,
        1,
        1,
        0,
        0,
        null,
        null,
        1,
        0,
        0,
        null,
        null,
        null,
        1,
        7,
        null,
        null,
        null,
        1,
        6,
        null,
        null
      ],
      "/Users/flawedhead/Desktop/Desktop/Codes/Cal/fall19/cs169/sage-foundation/sage-checkin-webapp/app/controllers/application_controller.rb": [
        1,
        1,
        null,
        1,
        115,
        null,
        null,
        1,
        57,
        57,
        null,
        null,
        1,
        10,
        null,
        null,
        1,
        27,
        null,
        null,
        1,
        0,
        0,
        null,
        null,
        1,
        1,
        0,
        null,
        null,
        1,
        1,
        121,
        null,
        null,
        null
      ],
      "/Users/flawedhead/Desktop/Desktop/Codes/Cal/fall19/cs169/sage-foundation/sage-checkin-webapp/spec/controllers/checkins_controller_spec.rb": [
        1,
        null,
        null,
        null,
        null,
        null,
        null,
        null,
        null,
        null,
        null,
        null,
        null,
        null,
        null,
        null,
        null,
        null,
        null,
        null,
        null,
        null,
        null,
        null,
        null,
        1,
        1,
        9,
        9,
        9,
        null,
        null,
        1,
        9,
        null,
        null,
        null,
        null,
        1,
        8,
        null,
        null,
        null,
        null,
        null,
        null,
        10,
        null,
        null,
        null,
        1,
        1,
        1,
        1,
        1,
        null,
        null,
        null,
        1,
        1,
        1,
        1,
        null,
        null,
        null,
        1,
        1,
        1,
        1,
        1,
        null,
        null,
        null,
        1,
        1,
        1,
        1,
        1,
        null,
        null,
        null,
        1,
        1,
        1,
        null,
        null,
        null,
        null,
        1,
        1,
        1,
        1,
        null,
        null,
        1,
        1,
        1,
        1,
        1,
        null,
        null,
        1,
        1,
        1,
        1,
        null,
        null,
        null,
        null,
        1,
        1,
        1,
        1,
        1,
        null,
        null,
        null,
        1,
        1,
        1,
        1,
        null,
        null,
        null,
        null,
        null
      ],
      "/Users/flawedhead/Desktop/Desktop/Codes/Cal/fall19/cs169/sage-foundation/sage-checkin-webapp/app/controllers/checkins_controller.rb": [
        1,
        1,
        1,
        1,
        null,
        null,
        null,
        1,
        1,
        null,
        null,
        null,
        1,
        1,
        1,
        1,
        0,
        0,
        0,
        0,
        0,
        0,
        0,
        null,
        null,
        null,
        null,
        1,
        1,
        null,
        null,
        null,
        null,
        1,
        2,
        2,
        2,
        2,
        0,
        null,
        null,
        2,
        2,
        2,
        4,
        2,
        null,
        0,
        0,
        null,
        null,
        null,
        null,
        null,
        null,
        1,
        2,
        2,
        2,
        0,
        null,
        null,
        2,
        2,
        2,
        4,
        2,
        null,
        0,
        0,
        null,
        null,
        null,
        null,
        null,
        null,
        1,
        2,
        2,
        4,
        2,
        null,
        null,
        null,
        1,
        null,
        null,
        1,
        6,
        6,
        0,
        null,
        null,
        1,
        6,
        6,
        null,
        null,
        null,
        1,
        12,
        null,
        null,
        null,
        1,
        4,
        null,
        null
      ],
      "/Users/flawedhead/Desktop/Desktop/Codes/Cal/fall19/cs169/sage-foundation/sage-checkin-webapp/spec/controllers/checkouts_controller_spec.rb": [
        1,
        null,
        null,
        null,
        null,
        null,
        null,
        null,
        null,
        null,
        null,
        null,
        null,
        null,
        null,
        null,
        null,
        null,
        null,
        null,
        null,
        null,
        null,
        null,
        null,
        1,
        1,
        8,
        8,
        8,
        null,
        null,
        1,
        8,
        null,
        null,
        null,
        null,
        1,
        7,
        null,
        1,
        4,
        null,
        null,
        null,
        null,
        null,
        9,
        null,
        1,
        1,
        1,
        1,
        null,
        null,
        null,
        1,
        1,
        1,
        1,
        1,
        null,
        null,
        null,
        1,
        1,
        1,
        1,
        1,
        1,
        null,
        null,
        null,
        1,
        1,
        1,
        1,
        null,
        null,
        null,
        null,
        1,
        1,
        1,
        1,
        null,
        null,
        1,
        1,
        1,
        1,
        1,
        1,
        null,
        null,
        1,
        1,
        1,
        null,
        1,
        1,
        null,
        null,
        null,
        null,
        1,
        1,
        1,
        1,
        1,
        null,
        null,
        null,
        1,
        1,
        1,
        1,
        null,
        null,
        null,
        null
      ],
      "/Users/flawedhead/Desktop/Desktop/Codes/Cal/fall19/cs169/sage-foundation/sage-checkin-webapp/app/controllers/checkouts_controller.rb": [
        1,
        1,
        1,
        1,
        null,
        null,
        1,
        1,
        1,
        0,
        0,
        0,
        0,
        0,
        0,
        0,
        0,
        null,
        null,
        null,
        null,
        1,
        1,
        null,
        null,
        null,
        null,
        1,
        2,
        2,
        2,
        2,
        0,
        null,
        null,
        2,
        2,
        2,
        4,
        2,
        null,
        0,
        0,
        null,
        null,
        null,
        null,
        null,
        null,
        1,
        2,
        2,
        2,
        0,
        null,
        null,
        2,
        2,
        2,
        4,
        2,
        null,
        0,
        0,
        null,
        null,
        null,
        null,
        null,
        null,
        1,
        2,
        2,
        4,
        2,
        null,
        null,
        null,
        1,
        null,
        null,
        1,
        5,
        5,
        0,
        null,
        null,
        1,
        5,
        5,
        null,
        null,
        null,
        1,
        10,
        null,
        null,
        null,
        1,
        4,
        null,
        null
      ],
      "/Users/flawedhead/Desktop/Desktop/Codes/Cal/fall19/cs169/sage-foundation/sage-checkin-webapp/spec/controllers/logins_controller_spec.rb": [
        1,
        null,
        1,
        1,
        1,
        null,
        null,
        1,
        1,
        null,
        null,
        2,
        null,
        1,
        1,
        1,
        1,
        1,
        1,
        1,
        null,
        null,
        null,
        null
      ],
      "/Users/flawedhead/Desktop/Desktop/Codes/Cal/fall19/cs169/sage-foundation/sage-checkin-webapp/app/controllers/logins_controller.rb": [
        1,
        1,
        null,
        1,
        null,
        null,
        1,
        0,
        null,
        0,
        0,
        0,
        0,
        0,
        0,
        0,
        0,
        null,
        0,
        0,
        null,
        null,
        null,
        1,
        1,
        1,
        1,
        1,
        null,
        null,
        1,
        1,
        0,
        0,
        0,
        0,
        null,
        null,
        null,
        null,
        1,
        1,
        0,
        null,
        null
      ],
      "/Users/flawedhead/Desktop/Desktop/Codes/Cal/fall19/cs169/sage-foundation/sage-checkin-webapp/spec/controllers/mentors_controller_spec.rb": [
        1,
        null,
        null,
        null,
        null,
        null,
        null,
        null,
        null,
        null,
        null,
        null,
        null,
        null,
        null,
        null,
        null,
        null,
        null,
        null,
        null,
        null,
        null,
        null,
        null,
        1,
        1,
        12,
        12,
        12,
        null,
        null,
        1,
        12,
        null,
        null,
        null,
        null,
        1,
        9,
        null,
        null,
        1,
        2,
        null,
        null,
        null,
        null,
        null,
        13,
        null,
        1,
        1,
        1,
        1,
        1,
        null,
        null,
        null,
        1,
        1,
        1,
        1,
        1,
        null,
        null,
        null,
        1,
        1,
        1,
        1,
        null,
        null,
        null,
        1,
        1,
        1,
        1,
        1,
        null,
        null,
        null,
        1,
        1,
        1,
        1,
        1,
        null,
        null,
        null,
        1,
        1,
        1,
        null,
        null,
        null,
        1,
        1,
        1,
        1,
        null,
        null,
        null,
        null,
        1,
        1,
        1,
        1,
        null,
        null,
        1,
        1,
        1,
        1,
        1,
        null,
        null,
        1,
        1,
        1,
        1,
        null,
        null,
        null,
        1,
        1,
        1,
        1,
        1,
        null,
        null,
        null,
        null,
        1,
        1,
        1,
        1,
        1,
        null,
        null,
        null,
        1,
        1,
        1,
        1,
        null,
        null,
        null,
        null
      ],
      "/Users/flawedhead/Desktop/Desktop/Codes/Cal/fall19/cs169/sage-foundation/sage-checkin-webapp/app/controllers/mentors_controller.rb": [
        1,
        1,
        1,
        1,
        1,
        1,
        1,
        null,
        null,
        null,
        1,
        1,
        1,
        1,
        null,
        null,
        0,
        null,
        2,
        null,
        1,
        null,
        null,
        null,
        null,
        1,
        null,
        null,
        null,
        null,
        1,
        0,
        null,
        null,
        null,
        1,
        1,
        null,
        null,
        null,
        1,
        null,
        null,
        null,
        null,
        1,
        3,
        3,
        3,
        2,
        1,
        null,
        4,
        2,
        null,
        null,
        null,
        null,
        null,
        null,
        1,
        3,
        3,
        4,
        2,
        null,
        2,
        1,
        null,
        null,
        null,
        null,
        null,
        null,
        1,
        2,
        2,
        4,
        2,
        null,
        null,
        null,
        1,
        0,
        null,
        null,
        null,
        null,
        null,
        null,
        null,
        0,
        0,
        null,
        null,
        1,
        null,
        0,
        0,
        0,
        null,
        0,
        null,
        null,
        null,
        null,
        null,
        null,
        null,
        null,
        0,
        0,
        null,
        null,
        null,
        null,
        1,
        null,
        null,
        null,
        1,
        null,
        null,
        1,
        6,
        0,
        0,
        null,
        null,
        null,
        1,
        1,
        null,
        null,
        null,
        1,
        0,
        null,
        null,
        1,
        0,
        0,
        null,
        null,
        1,
        0,
        0,
        null,
        null,
        null,
        1,
        7,
        null,
        null,
        null,
        1,
        6,
        null,
        null,
        1,
        0,
        null,
        null
      ],
      "/Users/flawedhead/Desktop/Desktop/Codes/Cal/fall19/cs169/sage-foundation/sage-checkin-webapp/spec/controllers/schools_controller_spec.rb": [
        1,
        null,
        null,
        null,
        null,
        null,
        null,
        null,
        null,
        null,
        null,
        null,
        null,
        null,
        null,
        null,
        null,
        null,
        null,
        null,
        null,
        null,
        null,
        null,
        null,
        1,
        1,
        12,
        12,
        12,
        null,
        null,
        1,
        12,
        null,
        null,
        null,
        null,
        1,
        null,
        null,
        null,
        null,
        8,
        null,
        1,
        null,
        null,
        null,
        null,
        2,
        null,
        null,
        null,
        null,
        13,
        null,
        1,
        1,
        1,
        1,
        1,
        null,
        null,
        null,
        1,
        1,
        1,
        1,
        1,
        null,
        null,
        null,
        1,
        1,
        1,
        1,
        null,
        null,
        null,
        1,
        1,
        1,
        1,
        1,
        null,
        null,
        null,
        1,
        1,
        1,
        1,
        1,
        null,
        null,
        null,
        1,
        1,
        1,
        null,
        null,
        null,
        1,
        1,
        1,
        1,
        null,
        null,
        null,
        null,
        1,
        1,
        1,
        null,
        null,
        null,
        null,
        1,
        null,
        1,
        1,
        1,
        1,
        1,
        null,
        null,
        1,
        1,
        1,
        1,
        null,
        null,
        null,
        1,
        1,
        1,
        1,
        1,
        null,
        null,
        null,
        null,
        1,
        1,
        1,
        1,
        1,
        null,
        null,
        null,
        1,
        1,
        1,
        1,
        null,
        null,
        null,
        null
      ],
      "/Users/flawedhead/Desktop/Desktop/Codes/Cal/fall19/cs169/sage-foundation/sage-checkin-webapp/app/controllers/schools_controller.rb": [
        1,
        1,
        1,
        1,
        null,
        null,
        null,
        1,
        1,
        null,
        null,
        null,
        null,
        1,
        1,
        1,
        null,
        0,
        null,
        1,
        null,
        null,
        null,
        1,
        1,
        null,
        null,
        null,
        1,
        null,
        null,
        null,
        null,
        null,
        1,
        3,
        3,
        3,
        3,
        3,
        4,
        2,
        null,
        2,
        1,
        null,
        null,
        null,
        null,
        null,
        null,
        1,
        3,
        3,
        3,
        3,
        3,
        4,
        2,
        null,
        2,
        1,
        null,
        null,
        null,
        null,
        null,
        null,
        1,
        2,
        2,
        4,
        2,
        null,
        null,
        null,
        1,
        null,
        null,
        1,
        1,
        0,
        0,
        null,
        null,
        1,
        0,
        0,
        null,
        null,
        null,
        1,
        7,
        null,
        null,
        null,
        1,
        6,
        null,
        null
      ],
      "/Users/flawedhead/Desktop/Desktop/Codes/Cal/fall19/cs169/sage-foundation/sage-checkin-webapp/spec/controllers/supers_controller_spec.rb": [
        1,
        null,
        1,
        null,
        1,
        4,
        4,
        null,
        1,
        4,
        null,
        null,
        1,
        1,
        1,
        1,
        null,
        null,
        null,
        1,
        1,
        1,
        1,
        null,
        null,
        null,
        1,
        1,
        1,
        1,
        1,
        null,
        null,
        null,
        1,
        1,
        1,
        1,
        null,
        null,
        null,
        null
      ],
      "/Users/flawedhead/Desktop/Desktop/Codes/Cal/fall19/cs169/sage-foundation/sage-checkin-webapp/app/controllers/supers_controller.rb": [
        1,
        1,
        1,
        null,
        1,
        1,
        null,
        null,
        1,
        1,
        1,
        1,
        1,
        null,
        null,
        1,
        1,
        null,
        null,
        null,
        1,
        null,
        null,
        null,
        null,
        1,
        0,
        0,
        0,
        null,
        null,
        null,
        null,
        null,
        1,
        0,
        0,
        0,
        0,
        0,
        null,
        0,
        0,
        null,
        null,
        null,
        null,
        null,
        null,
        1,
        0,
        0,
        0,
        0,
        null,
        0,
        0,
        null,
        null,
        null,
        null,
        null,
        null,
        1,
        1,
        0,
        0,
        0,
        null,
        null,
        1,
        1,
        2,
        1,
        null,
        null,
        null,
        null,
        1,
        null,
        1,
        2,
        null,
        null,
        null,
        1,
        0,
        null,
        null,
        null
      ],
      "/Users/flawedhead/Desktop/Desktop/Codes/Cal/fall19/cs169/sage-foundation/sage-checkin-webapp/spec/models/checkin_spec.rb": [
        1,
        null,
        1,
        1,
        1,
        1,
        null,
        1,
        1,
        null,
        1,
        1,
        null,
        1,
        1,
        null,
        1,
        1,
        null,
        null,
        1,
        1,
        1,
        1,
        1,
        1,
        null,
        null,
        null
      ],
      "/Users/flawedhead/Desktop/Desktop/Codes/Cal/fall19/cs169/sage-foundation/sage-checkin-webapp/app/models/checkin.rb": [
        1,
        1,
        1,
        1,
        null,
        1,
        24,
        null,
        null,
        null,
        null,
        null,
        null,
        1,
        2,
        2,
        null,
        null,
        null,
        null,
        null,
        null,
        null,
        null,
        null,
        null
      ],
      "/Users/flawedhead/Desktop/Desktop/Codes/Cal/fall19/cs169/sage-foundation/sage-checkin-webapp/spec/models/checkout_spec.rb": [
        1,
        null,
        1,
        1,
        1,
        1,
        null,
        1,
        1,
        null,
        1,
        1,
        null,
        1,
        1,
        null,
        null,
        1,
        1,
        1,
        1,
        1,
        null,
        null,
        null
      ],
      "/Users/flawedhead/Desktop/Desktop/Codes/Cal/fall19/cs169/sage-foundation/sage-checkin-webapp/app/models/checkout.rb": [
        1,
        1,
        1,
        null,
        1,
        20,
        null,
        null,
        null,
        null,
        null,
        null,
        1,
        5,
        5,
        null,
        null,
        null,
        null,
        null,
        null,
        null,
        null,
        null,
        null
      ],
      "/Users/flawedhead/Desktop/Desktop/Codes/Cal/fall19/cs169/sage-foundation/sage-checkin-webapp/spec/routing/admins_routing_spec.rb": [
        1,
        null,
        1,
        1,
        1,
        1,
        null,
        null,
        1,
        1,
        null,
        null,
        1,
        1,
        null,
        null,
        1,
        1,
        null,
        null,
        null,
        1,
        1,
        null,
        null,
        1,
        1,
        null,
        null,
        1,
        1,
        null,
        null,
        1,
        1,
        null,
        null,
        null
      ],
      "/Users/flawedhead/Desktop/Desktop/Codes/Cal/fall19/cs169/sage-foundation/sage-checkin-webapp/spec/routing/checkins_routing_spec.rb": [
        1,
        null,
        1,
        1,
        1,
        1,
        null,
        null,
        1,
        1,
        null,
        null,
        1,
        1,
        null,
        null,
        null,
        1,
        1,
        null,
        null,
        1,
        1,
        null,
        null,
        1,
        1,
        null,
        null,
        1,
        1,
        null,
        null,
        null
      ],
      "/Users/flawedhead/Desktop/Desktop/Codes/Cal/fall19/cs169/sage-foundation/sage-checkin-webapp/spec/routing/checkouts_routing_spec.rb": [
        1,
        null,
        1,
        1,
        1,
        1,
        null,
        null,
        1,
        1,
        null,
        null,
        1,
        1,
        null,
        null,
        1,
        1,
        null,
        null,
        1,
        1,
        null,
        null,
        1,
        1,
        null,
        null,
        null
      ],
      "/Users/flawedhead/Desktop/Desktop/Codes/Cal/fall19/cs169/sage-foundation/sage-checkin-webapp/spec/routing/mentors_routing_spec.rb": [
        1,
        null,
        1,
        1,
        1,
        1,
        null,
        null,
        1,
        1,
        null,
        null,
        1,
        1,
        null,
        null,
        1,
        1,
        null,
        null,
        null,
        1,
        1,
        null,
        null,
        1,
        1,
        null,
        null,
        1,
        1,
        null,
        null,
        1,
        1,
        null,
        null,
        null
      ],
      "/Users/flawedhead/Desktop/Desktop/Codes/Cal/fall19/cs169/sage-foundation/sage-checkin-webapp/spec/routing/schools_routing_spec.rb": [
        1,
        null,
        1,
        1,
        1,
        1,
        null,
        null,
        1,
        1,
        null,
        null,
        1,
        1,
        null,
        null,
        1,
        1,
        null,
        null,
        null,
        1,
        1,
        null,
        null,
        1,
        1,
        null,
        null,
        1,
        1,
        null,
        null,
        1,
        1,
        null,
        null,
        null
      ],
      "/Users/flawedhead/Desktop/Desktop/Codes/Cal/fall19/cs169/sage-foundation/sage-checkin-webapp/app/models/super.rb": [
        1,
        46,
        1,
        1,
        1,
        null,
        null
      ],
      "/Users/flawedhead/Desktop/Desktop/Codes/Cal/fall19/cs169/sage-foundation/sage-checkin-webapp/app/models/admin.rb": [
        1,
        1,
        null,
        42,
        1,
        1,
        1,
        null,
        1,
        null,
        null,
        null,
        null,
        null,
        null,
        null
      ],
      "/Users/flawedhead/Desktop/Desktop/Codes/Cal/fall19/cs169/sage-foundation/sage-checkin-webapp/app/models/mentor.rb": [
        null,
        1,
        null,
        1,
        1,
        1,
        null,
        30,
        1,
        1,
        1,
        null,
        null,
        null,
        null,
        null,
        null,
        1,
        0,
        0,
        0,
        0,
        0,
        0,
        0,
        0,
        0,
        0,
        0,
        null,
        null,
        null,
        null,
        null,
        null,
        0,
        null,
        null,
        null,
        1,
        0,
        0,
        null,
        0,
        null,
        null,
        null,
        null,
        1,
        0,
        0,
        0,
        0,
        null,
        0,
        null,
        null,
        null,
        null,
        null,
        null,
        null,
        null,
        1,
        0,
        0,
        0,
        0,
        0,
        0,
        0,
        0,
        0,
        null,
        0,
        null,
        null,
        null,
        null,
        0,
        null,
        null,
        null,
        1,
        0,
        0,
        0,
        0,
        0,
        0,
        0,
        null,
        null,
        0,
        null,
        null,
        null,
        1,
        0,
        0,
        0,
        null,
        null,
        1,
        0,
        0,
        0,
        null,
        0,
        null,
        null
      ]
    },
    "timestamp": 1576200080
  }
}
